2025-08-02 18:25:04,585 INFO: Smart Farm startup [in /home/sic7/SIC_Capstone/app.py:22]
2025-08-02 18:25:05,197 INFO: Smart Farm startup [in /home/sic7/SIC_Capstone/app.py:22]
2025-08-02 18:25:20,980 INFO: Manual pump on [in /home/sic7/SIC_Capstone/app.py:87]
2025-08-02 18:25:21,457 INFO: Manual pump off [in /home/sic7/SIC_Capstone/app.py:87]
2025-08-02 18:25:22,032 INFO: Pump mode changed to: auto [in /home/sic7/SIC_Capstone/app.py:94]
2025-08-02 18:25:27,035 INFO: Auto pump ON - Soil moisture: 1.12% [in /home/sic7/SIC_Capstone/app.py:41]
2025-08-02 18:25:32,037 INFO: Auto pump OFF - Soil moisture: 100.0% [in /home/sic7/SIC_Capstone/app.py:44]
2025-08-02 19:46:22,959 INFO: Smart Farm startup [in /home/sic7/SIC_Capstone/app.py:22]
2025-08-02 19:46:23,944 INFO: Smart Farm startup [in /home/sic7/SIC_Capstone/app.py:22]
2025-08-02 20:19:31,764 INFO: Smart Farm startup [in /home/sic7/SIC_Capstone/app.py:22]
2025-08-02 20:19:32,366 INFO: Smart Farm startup [in /home/sic7/SIC_Capstone/app.py:22]
2025-08-02 20:56:09,483 INFO: Pump mode changed to: auto [in /home/sic7/SIC_Capstone/app.py:94]
2025-08-02 20:56:14,488 INFO: Auto pump ON - Soil moisture: 0.93% [in /home/sic7/SIC_Capstone/app.py:41]
2025-08-02 20:56:19,490 INFO: Auto pump OFF - Soil moisture: 100.0% [in /home/sic7/SIC_Capstone/app.py:44]
2025-08-02 21:28:02,706 INFO: Pump mode changed to: manual [in /home/sic7/SIC_Capstone/app.py:94]
2025-08-02 21:28:03,266 INFO: Pump mode changed to: auto [in /home/sic7/SIC_Capstone/app.py:94]
2025-08-02 21:28:04,055 INFO: Pump mode changed to: manual [in /home/sic7/SIC_Capstone/app.py:94]
2025-08-02 21:28:04,655 INFO: Pump mode changed to: auto [in /home/sic7/SIC_Capstone/app.py:94]
2025-08-02 21:28:05,402 INFO: Pump mode changed to: manual [in /home/sic7/SIC_Capstone/app.py:94]
2025-08-02 21:28:06,381 INFO: Pump mode changed to: auto [in /home/sic7/SIC_Capstone/app.py:94]
2025-08-02 21:34:06,522 INFO: Smart Farm startup [in /home/sic7/SIC_Capstone/app.py:22]
2025-08-02 21:34:07,628 INFO: Smart Farm startup [in /home/sic7/SIC_Capstone/app.py:22]
